# JRE version: Java(TM) SE Runtime Environment (8.0_221-b11) (build 1.8.0_221-b11)
# Java VM: Java HotSpot(TM) 64-Bit Server VM (25.221-b11 mixed mode windows-amd64 compressed oops)
Heap:
 PSYoungGen      total 14336K, used 5757K [0x00000000feb00000, 0x0000000100000000, 0x0000000100000000)
  eden space 7168K, 68% used [0x00000000feb00000,0x00000000fefca070,0x00000000ff200000)
  from space 7168K, 11% used [0x00000000ff900000,0x00000000ff9d55e0,0x0000000100000000)
  to   space 7168K, 0% used [0x00000000ff200000,0x00000000ff200000,0x00000000ff900000)
 ParOldGen       total 44032K, used 18524K [0x00000000fc000000, 0x00000000feb00000, 0x00000000feb00000)
  object space 44032K, 42% used [0x00000000fc000000,0x00000000fd217330,0x00000000feb00000)
 Metaspace       used 10733K, capacity 11122K, committed 11392K, reserved 1058816K
  class space    used 1208K, capacity 1309K, committed 1408K, reserved 1048576K
GC Heap History (10 events):
Event: 40.934 GC heap before
{Heap before GC invocations=62 (full 0):
 PSYoungGen      total 14336K, used 8160K [0x00000000feb00000, 0x0000000100000000, 0x0000000100000000)
  eden space 7168K, 100% used [0x00000000feb00000,0x00000000ff200000,0x00000000ff200000)
  from space 7168K, 13% used [0x00000000ff200000,0x00000000ff2f8000,0x00000000ff900000)
  to   space 7168K, 0% used [0x00000000ff900000,0x00000000ff900000,0x0000000100000000)
 ParOldGen       total 44032K, used 18468K [0x00000000fc000000, 0x00000000feb00000, 0x00000000feb00000)
  object space 44032K, 41% used [0x00000000fc000000,0x00000000fd209330,0x00000000feb00000)
 Metaspace       used 9929K, capacity 10178K, committed 10496K, reserved 1058816K
  class space    used 1081K, capacity 1165K, committed 1280K, reserved 1048576K
Event: 40.938 GC heap after
Heap after GC invocations=62 (full 0):
 PSYoungGen      total 14336K, used 1504K [0x00000000feb00000, 0x0000000100000000, 0x0000000100000000)
  eden space 7168K, 0% used [0x00000000feb00000,0x00000000feb00000,0x00000000ff200000)
  from space 7168K, 20% used [0x00000000ff900000,0x00000000ffa78308,0x0000000100000000)
  to   space 7168K, 0% used [0x00000000ff200000,0x00000000ff200000,0x00000000ff900000)
 ParOldGen       total 44032K, used 18468K [0x00000000fc000000, 0x00000000feb00000, 0x00000000feb00000)
  object space 44032K, 41% used [0x00000000fc000000,0x00000000fd209330,0x00000000feb00000)
 Metaspace       used 9929K, capacity 10178K, committed 10496K, reserved 1058816K
  class space    used 1081K, capacity 1165K, committed 1280K, reserved 1048576K
}
Event: 42.710 GC heap before
{Heap before GC invocations=63 (full 0):
 PSYoungGen      total 14336K, used 8672K [0x00000000feb00000, 0x0000000100000000, 0x0000000100000000)
  eden space 7168K, 100% used [0x00000000feb00000,0x00000000ff200000,0x00000000ff200000)
  from space 7168K, 20% used [0x00000000ff900000,0x00000000ffa78308,0x0000000100000000)
  to   space 7168K, 0% used [0x00000000ff200000,0x00000000ff200000,0x00000000ff900000)
 ParOldGen       total 44032K, used 18468K [0x00000000fc000000, 0x00000000feb00000, 0x00000000feb00000)
  object space 44032K, 41% used [0x00000000fc000000,0x00000000fd209330,0x00000000feb00000)
 Metaspace       used 9929K, capacity 10178K, committed 10496K, reserved 1058816K
  class space    used 1081K, capacity 1165K, committed 1280K, reserved 1048576K
Event: 42.740 GC heap after
Heap after GC invocations=63 (full 0):
 PSYoungGen      total 14336K, used 896K [0x00000000feb00000, 0x0000000100000000, 0x0000000100000000)
  eden space 7168K, 0% used [0x00000000feb00000,0x00000000feb00000,0x00000000ff200000)
  from space 7168K, 12% used [0x00000000ff200000,0x00000000ff2e0000,0x00000000ff900000)
  to   space 7168K, 0% used [0x00000000ff900000,0x00000000ff900000,0x0000000100000000)
 ParOldGen       total 44032K, used 18484K [0x00000000fc000000, 0x00000000feb00000, 0x00000000feb00000)
  object space 44032K, 41% used [0x00000000fc000000,0x00000000fd20d330,0x00000000feb00000)
 Metaspace       used 9929K, capacity 10178K, committed 10496K, reserved 1058816K
  class space    used 1081K, capacity 1165K, committed 1280K, reserved 1048576K
}
Event: 44.220 GC heap before
{Heap before GC invocations=64 (full 0):
 PSYoungGen      total 14336K, used 8064K [0x00000000feb00000, 0x0000000100000000, 0x0000000100000000)
  eden space 7168K, 100% used [0x00000000feb00000,0x00000000ff200000,0x00000000ff200000)
  from space 7168K, 12% used [0x00000000ff200000,0x00000000ff2e0000,0x00000000ff900000)
  to   space 7168K, 0% used [0x00000000ff900000,0x00000000ff900000,0x0000000100000000)
 ParOldGen       total 44032K, used 18484K [0x00000000fc000000, 0x00000000feb00000, 0x00000000feb00000)
  object space 44032K, 41% used [0x00000000fc000000,0x00000000fd20d330,0x00000000feb00000)
 Metaspace       used 9929K, capacity 10178K, committed 10496K, reserved 1058816K
  class space    used 1081K, capacity 1165K, committed 1280K, reserved 1048576K
Event: 44.224 GC heap after
Heap after GC invocations=64 (full 0):
 PSYoungGen      total 14336K, used 928K [0x00000000feb00000, 0x0000000100000000, 0x0000000100000000)
  eden space 7168K, 0% used [0x00000000feb00000,0x00000000feb00000,0x00000000ff200000)
  from space 7168K, 12% used [0x00000000ff900000,0x00000000ff9e8000,0x0000000100000000)
  to   space 7168K, 0% used [0x00000000ff200000,0x00000000ff200000,0x00000000ff900000)
 ParOldGen       total 44032K, used 18500K [0x00000000fc000000, 0x00000000feb00000, 0x00000000feb00000)
  object space 44032K, 42% used [0x00000000fc000000,0x00000000fd211330,0x00000000feb00000)
 Metaspace       used 9929K, capacity 10178K, committed 10496K, reserved 1058816K
  class space    used 1081K, capacity 1165K, committed 1280K, reserved 1048576K
}
Event: 45.858 GC heap before
{Heap before GC invocations=65 (full 0):
 PSYoungGen      total 14336K, used 8096K [0x00000000feb00000, 0x0000000100000000, 0x0000000100000000)
  eden space 7168K, 100% used [0x00000000feb00000,0x00000000ff200000,0x00000000ff200000)
  from space 7168K, 12% used [0x00000000ff900000,0x00000000ff9e8000,0x0000000100000000)
  to   space 7168K, 0% used [0x00000000ff200000,0x00000000ff200000,0x00000000ff900000)
 ParOldGen       total 44032K, used 18500K [0x00000000fc000000, 0x00000000feb00000, 0x00000000feb00000)
  object space 44032K, 42% used [0x00000000fc000000,0x00000000fd211330,0x00000000feb00000)
 Metaspace       used 9929K, capacity 10178K, committed 10496K, reserved 1058816K
  class space    used 1081K, capacity 1165K, committed 1280K, reserved 1048576K
Event: 45.861 GC heap after
Heap after GC invocations=65 (full 0):
 PSYoungGen      total 14336K, used 736K [0x00000000feb00000, 0x0000000100000000, 0x0000000100000000)
  eden space 7168K, 0% used [0x00000000feb00000,0x00000000feb00000,0x00000000ff200000)
  from space 7168K, 10% used [0x00000000ff200000,0x00000000ff2b8000,0x00000000ff900000)
  to   space 7168K, 0% used [0x00000000ff900000,0x00000000ff900000,0x0000000100000000)
 ParOldGen       total 44032K, used 18516K [0x00000000fc000000, 0x00000000feb00000, 0x00000000feb00000)
  object space 44032K, 42% used [0x00000000fc000000,0x00000000fd215330,0x00000000feb00000)
 Metaspace       used 9929K, capacity 10178K, committed 10496K, reserved 1058816K
  class space    used 1081K, capacity 1165K, committed 1280K, reserved 1048576K
}
Event: 47.240 GC heap before
{Heap before GC invocations=66 (full 0):
 PSYoungGen      total 14336K, used 7904K [0x00000000feb00000, 0x0000000100000000, 0x0000000100000000)
  eden space 7168K, 100% used [0x00000000feb00000,0x00000000ff200000,0x00000000ff200000)
  from space 7168K, 10% used [0x00000000ff200000,0x00000000ff2b8000,0x00000000ff900000)
  to   space 7168K, 0% used [0x00000000ff900000,0x00000000ff900000,0x0000000100000000)
 ParOldGen       total 44032K, used 18516K [0x00000000fc000000, 0x00000000feb00000, 0x00000000feb00000)
  object space 44032K, 42% used [0x00000000fc000000,0x00000000fd215330,0x00000000feb00000)
 Metaspace       used 10137K, capacity 10426K, committed 10752K, reserved 1058816K
  class space    used 1112K, capacity 1205K, committed 1280K, reserved 1048576K
Event: 47.244 GC heap after
Heap after GC invocations=66 (full 0):
 PSYoungGen      total 14336K, used 853K [0x00000000feb00000, 0x0000000100000000, 0x0000000100000000)
  eden space 7168K, 0% used [0x00000000feb00000,0x00000000feb00000,0x00000000ff200000)
  from space 7168K, 11% used [0x00000000ff900000,0x00000000ff9d55e0,0x0000000100000000)
  to   space 7168K, 0% used [0x00000000ff200000,0x00000000ff200000,0x00000000ff900000)
 ParOldGen       total 44032K, used 18524K [0x00000000fc000000, 0x00000000feb00000, 0x00000000feb00000)
  object space 44032K, 42% used [0x00000000fc000000,0x00000000fd217330,0x00000000feb00000)
 Metaspace       used 10137K, capacity 10426K, committed 10752K, reserved 1058816K
  class space    used 1112K, capacity 1205K, committed 1280K, reserved 1048576K
}

